info it worked if it ends with ok
verbose cli [ 'node',
verbose cli   '/Users/arwid/Code/nvm/v0.4.8/bin/npm',
verbose cli   'install',
verbose cli   'validator',
verbose cli   '.' ]
info using npm@1.0.10
info using node@v0.4.8
verbose config file /Users/arwid/.npmrc
verbose config file /Users/arwid/Code/nvm/v0.4.8/etc/npmrc
silly testEngine { name: 'express',
silly testEngine   description: 'Sinatra inspired web development framework',
silly testEngine   version: '2.3.11',
silly testEngine   author: 
silly testEngine    { name: 'TJ Holowaychuk',
silly testEngine      email: 'tj@vision-media.ca' },
silly testEngine   contributors: 
silly testEngine    [ { name: 'TJ Holowaychuk',
silly testEngine        email: 'tj@vision-media.ca' },
silly testEngine      { name: 'Aaron Heckmann',
silly testEngine        email: 'aaron.heckmann+github@gmail.com' },
silly testEngine      { name: 'Ciaran Jessup', email: 'ciaranj@gmail.com' },
silly testEngine      { name: 'Guillermo Rauch', email: 'rauchg@gmail.com' } ],
silly testEngine   dependencies: 
silly testEngine    { connect: '>= 1.4.1 < 2.0.0',
silly testEngine      mime: '>= 0.0.1',
silly testEngine      qs: '>= 0.0.6' },
silly testEngine   devDependencies: 
silly testEngine    { 'connect-form': '0.2.1',
silly testEngine      ejs: '0.4.2',
silly testEngine      expresso: '0.7.2',
silly testEngine      hamljs: '0.5.1',
silly testEngine      jade: '0.11.0',
silly testEngine      stylus: '0.13.0',
silly testEngine      should: '0.2.1',
silly testEngine      'express-messages': '0.0.2',
silly testEngine      'node-markdown': '>= 0.0.1',
silly testEngine      'connect-redis': '>= 0.0.1' },
silly testEngine   keywords: [ 'framework', 'sinatra', 'web', 'rest', 'restful' ],
silly testEngine   repository: 
silly testEngine    { type: 'git',
silly testEngine      url: 'git://github.com/visionmedia/express.git' },
silly testEngine   main: 'index',
silly testEngine   bin: { express: './bin/express' },
silly testEngine   scripts: { test: 'make test', prepublish: 'npm prune' },
silly testEngine   engines: { node: '>= 0.4.1 < 0.5.0' },
silly testEngine   _id: 'express@2.3.11',
silly testEngine   _engineSupported: true,
silly testEngine   _npmVersion: '1.0.10',
silly testEngine   _nodeVersion: 'v0.4.8',
silly testEngine   _defaultsLoaded: true }
verbose caching /Users/arwid/node_modules/express/package.json
verbose loadDefaults express@2.3.11
silly testEngine { name: 'jade',
silly testEngine   description: 'Jade template engine',
silly testEngine   version: '0.12.1',
silly testEngine   author: 
silly testEngine    { name: 'TJ Holowaychuk',
silly testEngine      email: 'tj@vision-media.ca' },
silly testEngine   repository: 
silly testEngine    { type: 'git',
silly testEngine      url: 'git://github.com/visionmedia/jade.git' },
silly testEngine   main: './index.js',
silly testEngine   bin: { jade: './bin/jade' },
silly testEngine   devDependencies: 
silly testEngine    { expresso: '0.6.4',
silly testEngine      'coffee-script': '>= 0.0.1',
silly testEngine      sass: '>= 0.0.1',
silly testEngine      less: '>= 0.0.1',
silly testEngine      markdown: '>= 0.0.1',
silly testEngine      stylus: '>= 0.0.1' },
silly testEngine   scripts: { prepublish: 'npm prune' },
silly testEngine   engines: { node: '>= 0.1.98' },
silly testEngine   _id: 'jade@0.12.1',
silly testEngine   dependencies: {},
silly testEngine   _engineSupported: true,
silly testEngine   _npmVersion: '1.0.10',
silly testEngine   _nodeVersion: 'v0.4.8',
silly testEngine   _defaultsLoaded: true }
verbose caching /Users/arwid/node_modules/jade/package.json
verbose loadDefaults jade@0.12.1
verbose into /Users/arwid [ 'validator', '.' ]
verbose cache add [ 'validator', null ]
verbose cache add [ '.', null ]
info addNamed [ 'validator', '' ]
verbose addNamed [ null, '' ]
ERR! couldn't read package.json in .
ERR! Error: ENOENT, No such file or directory 'package.json'
ERR! Report this *entire* log at:
ERR!     <http://github.com/isaacs/npm/issues>
ERR! or email it to:
ERR!     <npm-@googlegroups.com>
ERR! 
ERR! System Darwin 10.7.0
ERR! command "node" "/Users/arwid/Code/nvm/v0.4.8/bin/npm" "install" "validator" "."
verbose exit [ 2, true ]
